\BOOKMARK [0][-]{chapter.1}{Espacio vectorial y \040Aplicaci\363n lineal}{}% 1
\BOOKMARK [1][-]{section.1.1}{Espacios Vectoriales}{chapter.1}% 2
\BOOKMARK [2][-]{subsection.1.1.1}{Sistema generador, base e indepencia lineal}{section.1.1}% 3
\BOOKMARK [3][-]{subsubsection.1.1.1.1}{Coordenadas y Cambio de Base}{subsection.1.1.1}% 4
\BOOKMARK [2][-]{subsection.1.1.2}{Espacio vectorial cociente}{section.1.1}% 5
\BOOKMARK [1][-]{section.1.2}{Aplicaciones Lineales}{chapter.1}% 6
\BOOKMARK [2][-]{subsection.1.2.1}{Isomorf\355a de Espacios Vectoriales}{section.1.2}% 7
\BOOKMARK [2][-]{subsection.1.2.2}{Matriz asociada a una aplicaci\363n lineal}{section.1.2}% 8
\BOOKMARK [3][-]{subsubsection.1.2.2.1}{Equivalencia de aplicaciones lineales y relaci\363n entre sus matrices}{subsection.1.2.2}% 9
\BOOKMARK [2][-]{subsection.1.2.3}{Rango de una aplicaci\363n lineal}{section.1.2}% 10
\BOOKMARK [0][-]{chapter.2}{Sistemas Lineales}{}% 11
\BOOKMARK [1][-]{subsection.2.0.1}{Introducci\363n al problema}{chapter.2}% 12
\BOOKMARK [2][-]{subsection.2.0.2}{Sistemas Homog\351neos}{subsection.2.0.1}% 13
\BOOKMARK [3][-]{subsubsection.2.0.2.1}{M\351todo de Gauss}{subsection.2.0.2}% 14
\BOOKMARK [3][-]{subsubsection.2.0.2.2}{M\351todo gen\351rico de resoluci\363n}{subsection.2.0.2}% 15
\BOOKMARK [2][-]{subsection.2.0.3}{Sistemas no homog\351neos}{subsection.2.0.1}% 16
\BOOKMARK [2][-]{subsection.2.0.4}{Regla de Cramer}{subsection.2.0.1}% 17
\BOOKMARK [0][-]{chapter.3}{Estructura de Endomorfismos}{}% 18
\BOOKMARK [1][-]{section.3.1}{Polinomio m\355nimo y caracter\355stico}{chapter.3}% 19
\BOOKMARK [2][-]{subsection.3.1.1}{Polinomio m\355nimo de un endomorfismo}{section.3.1}% 20
\BOOKMARK [3][-]{subsubsection.3.1.1.1}{Polinomio m\355nimo de un endomorfismo y un vector}{subsection.3.1.1}% 21
\BOOKMARK [3][-]{subsubsection.3.1.1.2}{C\341lculo del polinomio m\355nimo}{subsection.3.1.1}% 22
\BOOKMARK [2][-]{subsection.3.1.2}{Polinomio caracter\355stico de un endomorfismo}{section.3.1}% 23
\BOOKMARK [3][-]{subsubsection.3.1.2.1}{Teorema de Caley-Hamilton}{subsection.3.1.2}% 24
\BOOKMARK [1][-]{section.3.2}{Clases Notables de Endomorfismos}{chapter.3}% 25
\BOOKMARK [2][-]{subsection.3.2.1}{Diagonalizabilidad}{section.3.2}% 26
\BOOKMARK [3][-]{subsubsection.3.2.1.1}{Potencia en\351sima de matrices}{subsection.3.2.1}% 27
\BOOKMARK [2][-]{subsection.3.2.2}{Triangularizabilidad}{section.3.2}% 28
\BOOKMARK [1][-]{section.3.3}{Forma Can\363nica de Jordan}{chapter.3}% 29
\BOOKMARK [2][-]{subsection.3.3.1}{Teorema de Estructura}{section.3.3}% 30
\BOOKMARK [3][-]{subsubsection.3.3.1.1}{Endomorfismos Nilpotentes}{subsection.3.3.1}% 31
\BOOKMARK [2][-]{subsection.3.3.2}{C\341lculo de Matrices y Bases de Jordan}{section.3.3}% 32
\BOOKMARK [3][-]{subsubsection.3.3.2.1}{Conversi\363n de trozos a endomorfismos nilpotentes}{subsection.3.3.2}% 33
\BOOKMARK [3][-]{subsubsection.3.3.2.2}{C\341lculo de la Matriz de Jordan}{subsection.3.3.2}% 34
\BOOKMARK [3][-]{subsubsection.3.3.2.3}{C\341lculo de la Base de Jordan}{subsection.3.3.2}% 35
\BOOKMARK [2][-]{subsection.3.3.3}{Factores invariantes}{section.3.3}% 36
\BOOKMARK [0][-]{chapter.4}{Formas Lineales y \040Bilineales}{}% 37
\BOOKMARK [1][-]{section.4.1}{Formas Lineales}{chapter.4}% 38
\BOOKMARK [2][-]{subsection.4.1.1}{Espacio Dual}{section.4.1}% 39
\BOOKMARK [3][-]{subsubsection.4.1.1.1}{Espacio Bidual}{subsection.4.1.1}% 40
\BOOKMARK [2][-]{subsection.4.1.2}{Ortogonalidad}{section.4.1}% 41
\BOOKMARK [1][-]{section.4.2}{Formas Bilineales}{chapter.4}% 42
\BOOKMARK [2][-]{subsection.4.2.1}{Caracter\355sticas de las formas bilineales}{section.4.2}% 43
\BOOKMARK [3][-]{subsubsection.4.2.1.1}{Matriz asociada y Cambio de Base}{subsection.4.2.1}% 44
\BOOKMARK [2][-]{subsection.4.2.2}{Simetr\355a y antisimetr\355a}{section.4.2}% 45
\BOOKMARK [3][-]{subsubsection.4.2.2.1}{Forma cuadr\341tica asociada}{subsection.4.2.2}% 46
\BOOKMARK [2][-]{subsection.4.2.3}{Ortogonalidad}{section.4.2}% 47
\BOOKMARK [3][-]{subsubsection.4.2.3.1}{Ortogonalidad en productos escalares}{subsection.4.2.3}% 48
\BOOKMARK [2][-]{subsection.4.2.4}{Clasificaci\363n de formas bilineales}{section.4.2}% 49
\BOOKMARK [3][-]{subsubsection.4.2.4.1}{M\351todos de diagonalizaci\363n de formas sim\351tricas}{subsection.4.2.4}% 50
\BOOKMARK [3][-]{subsubsection.4.2.4.2}{Clasificaci\363n de formas bilineales sim\351tricas sobre C}{subsection.4.2.4}% 51
\BOOKMARK [3][-]{subsubsection.4.2.4.3}{Clasificaci\363n de formas bilineales sim\351tricas sobre R: Ley de inercia}{subsection.4.2.4}% 52
\BOOKMARK [0][-]{chapter.5}{Espacio Vectorial Eucl\355deo}{}% 53
\BOOKMARK [1][-]{section.5.1}{Espacio Vectorial Eucl\355deo}{chapter.5}% 54
\BOOKMARK [1][-]{section.5.2}{Aplicaciones Ortogonales}{chapter.5}% 55
\BOOKMARK [2][-]{subsection.5.2.1}{Caracter\355sticas de las aplicaciones ortogonales}{section.5.2}% 56
\BOOKMARK [2][-]{subsection.5.2.2}{Clasificaci\363n de aplicaciones ortogonales}{section.5.2}% 57
\BOOKMARK [0][-]{chapter.6}{Espacio Af\355n}{}% 58
\BOOKMARK [1][-]{section.6.1}{Espacio Af\355n}{chapter.6}% 59
\BOOKMARK [2][-]{subsection.6.1.1}{Variedades Afines}{section.6.1}% 60
\BOOKMARK [3][-]{subsubsection.6.1.1.1}{Ecuaciones cartesianas}{subsection.6.1.1}% 61
\BOOKMARK [3][-]{subsubsection.6.1.1.2}{Ecuaciones param\351tricas}{subsection.6.1.1}% 62
\BOOKMARK [3][-]{subsubsection.6.1.1.3}{Paso de param\351tricas a cartesianas}{subsection.6.1.1}% 63
\BOOKMARK [2][-]{subsection.6.1.2}{Sistema de Referencia}{section.6.1}% 64
\BOOKMARK [3][-]{subsubsection.6.1.2.1}{Cambio de sistema de referencia}{subsection.6.1.2}% 65
\BOOKMARK [1][-]{section.6.2}{Aplicaciones afines}{chapter.6}% 66
\BOOKMARK [2][-]{subsection.6.2.1}{Variedades -invariantes}{section.6.2}% 67
\BOOKMARK [2][-]{subsection.6.2.2}{Aplicaciones notorias}{section.6.2}% 68
\BOOKMARK [3][-]{subsubsection.6.2.2.1}{Aplicaci\363n constante}{subsection.6.2.2}% 69
\BOOKMARK [3][-]{subsubsection.6.2.2.2}{Traslaci\363n de vector u}{subsection.6.2.2}% 70
\BOOKMARK [3][-]{subsubsection.6.2.2.3}{Homotecia}{subsection.6.2.2}% 71
\BOOKMARK [3][-]{subsubsection.6.2.2.4}{Proyecci\363n}{subsection.6.2.2}% 72
\BOOKMARK [3][-]{subsubsection.6.2.2.5}{Simetr\355as}{subsection.6.2.2}% 73
\BOOKMARK [3][-]{subsubsection.6.2.2.6}{Homolog\355a}{subsection.6.2.2}% 74
\BOOKMARK [2][-]{subsection.6.2.3}{Clasificaci\363n de las Afinidades del Plano}{section.6.2}% 75
\BOOKMARK [3][-]{subsubsection.6.2.3.1}{Clasificaci\363n en C}{subsection.6.2.3}% 76
\BOOKMARK [3][-]{subsubsection.6.2.3.2}{Clasificaci\363n en R}{subsection.6.2.3}% 77
\BOOKMARK [1][-]{section.6.3}{Isometr\355as}{chapter.6}% 78
\BOOKMARK [2][-]{subsection.6.3.1}{Clasificaci\363n de Movimientos R\355gidos}{section.6.3}% 79
\BOOKMARK [3][-]{subsubsection.6.3.1.1}{Clasificaci\363n en el plano}{subsection.6.3.1}% 80
\BOOKMARK [3][-]{subsubsection.6.3.1.2}{Clasificaci\363n en el espacio}{subsection.6.3.1}% 81
\BOOKMARK [0][-]{chapter.7}{C\363nicas}{}% 82
\BOOKMARK [1][-]{subsection.7.0.1}{Clasificaci\363n Af\355n}{chapter.7}% 83
\BOOKMARK [2][-]{subsubsection.7.0.1.1}{Caracterizaci\363n de las C\363nicas}{subsection.7.0.1}% 84
\BOOKMARK [2][-]{subsection.7.0.2}{Clasificaci\363n Af\355n-Eucl\355dea}{subsection.7.0.1}% 85
